<?xml version="1.0" encoding="UTF-8"?>
<!-- Generated by org.testng.reporters.JUnitReportReporter -->
<testsuite hostname="DESKTOP-6T5BH1R" failures="0" tests="1" name="allTest2.LoginClass2" time="0.222" errors="0" timestamp="2024-02-03T17:12:01 EST" skipped="0">
  <testcase classname="allTest2.LoginClass2" name="login2" time="0.222"/>
  <system-out/>
</testsuite> <!-- allTest2.LoginClass2 -->
